SF:lib/src/adaptive_text.dart
DA:11,6
DA:34,3
DA:35,3
DA:50,3
DA:52,3
DA:53,12
DA:54,6
DA:57,15
DA:60,3
DA:62,6
DA:63,3
DA:66,3
DA:68,3
DA:69,12
DA:70,8
DA:71,8
DA:72,8
DA:73,8
DA:74,3
DA:75,3
DA:76,3
DA:77,3
DA:80,12
DA:84,3
DA:85,3
DA:86,9
DA:87,6
DA:88,6
DA:93,3
DA:94,21
DA:95,3
DA:98,3
DA:99,3
DA:100,6
DA:101,3
DA:102,9
DA:103,3
DA:104,3
DA:108,3
DA:109,6
DA:110,6
DA:111,3
DA:113,6
DA:114,9
DA:117,3
DA:118,3
DA:121,3
DA:122,3
DA:126,9
DA:127,3
DA:130,0
DA:131,0
DA:134,6
DA:137,15
DA:138,6
DA:141,6
DA:142,1
DA:143,4
DA:145,1
DA:146,2
DA:148,2
DA:149,4
DA:150,3
DA:155,3
DA:158,3
DA:159,3
DA:161,6
DA:162,7
DA:163,6
DA:165,3
DA:167,3
DA:169,6
DA:170,1
DA:173,3
DA:183,3
DA:184,3
DA:185,3
DA:186,3
DA:189,6
DA:190,0
DA:194,3
DA:196,6
DA:197,0
DA:200,3
DA:212,9
DA:214,6
DA:215,12
DA:218,3
DA:219,3
DA:220,3
DA:222,3
DA:229,2
DA:230,4
DA:234,3
DA:235,6
DA:236,9
DA:237,6
DA:239,3
DA:243,3
DA:247,6
DA:248,0
DA:249,0
DA:253,3
DA:257,3
DA:264,2
DA:265,4
DA:272,4
DA:273,1
DA:277,4
DA:278,2
DA:279,8
DA:282,2
DA:287,4
DA:291,3
DA:292,12
DA:293,6
DA:294,3
DA:296,15
DA:298,3
DA:301,12
DA:303,6
DA:304,2
DA:305,4
DA:306,4
DA:313,3
DA:315,3
DA:316,3
DA:318,21
DA:319,18
DA:321,5
DA:322,2
DA:325,6
DA:329,9
DA:331,2
DA:332,0
DA:337,1
DA:340,3
DA:341,3
DA:344,6
DA:347,3
DA:348,6
DA:351,6
DA:352,1
DA:353,4
DA:357,3
DA:358,6
DA:359,2
DA:360,2
DA:365,3
DA:370,1
DA:372,2
DA:373,2
DA:374,3
DA:375,2
DA:376,1
DA:377,1
DA:378,1
DA:379,1
DA:381,1
DA:382,2
DA:385,1
DA:388,1
DA:390,1
DA:391,1
DA:394,2
DA:395,0
DA:400,0
DA:402,0
DA:403,0
DA:408,1
DA:409,1
DA:410,2
DA:412,1
DA:413,2
DA:416,2
DA:417,0
DA:418,0
DA:422,1
DA:423,0
DA:424,0
DA:425,0
DA:430,1
DA:433,3
DA:434,3
DA:435,3
DA:436,3
DA:438,6
DA:439,15
DA:442,3
DA:443,6
DA:445,6
DA:446,3
DA:447,3
DA:448,7
DA:452,3
DA:453,2
DA:454,2
DA:455,2
DA:457,6
DA:458,0
DA:459,0
DA:460,0
DA:462,0
DA:463,0
DA:470,3
DA:471,2
DA:472,6
DA:485,3
DA:503,2
DA:509,2
DA:510,2
DA:511,2
DA:512,2
DA:513,2
DA:514,2
LF:215
LH:194
end_of_record
